a=12
12
typeof a
'number'
age=23
23
typeof age
'number'
name=jagdish
VM345:1 Uncaught ReferenceError: jagdish is not defined
    at <anonymous>:1:1
(anonymous) @ VM345:1
name="jagdish"
'jagdish'
typeof name
'string'
Third-party cookie will be blocked in future Chrome versions as part of Privacy Sandbox.
Third-party cookie will be blocked in future Chrome versions as part of Privacy Sandbox.
Third-party cookie will be blocked in future Chrome versions as part of Privacy Sandbox.
Third-party cookie will be blocked in future Chrome versions as part of Privacy Sandbox.
Third-party cookie will be blocked in future Chrome versions as part of Privacy Sandbox.
Third-party cookie will be blocked in future Chrome versions as part of Privacy Sandbox.
Third-party cookie will be blocked in future Chrome versions as part of Privacy Sandbox.
Third-party cookie will be blocked in future Chrome versions as part of Privacy Sandbox.
Third-party cookie will be blocked in future Chrome versions as part of Privacy Sandbox.
Third-party cookie will be blocked in future Chrome versions as part of Privacy Sandbox.
Third-party cookie will be blocked in future Chrome versions as part of Privacy Sandbox.
Third-party cookie will be blocked in future Chrome versions as part of Privacy Sandbox.
Third-party cookie will be blocked in future Chrome versions as part of Privacy Sandbox.
Third-party cookie will be blocked in future Chrome versions as part of Privacy Sandbox.
Third-party cookie will be blocked in future Chrome versions as part of Privacy Sandbox.
Third-party cookie will be blocked in future Chrome versions as part of Privacy Sandbox.
Third-party cookie will be blocked in future Chrome versions as part of Privacy Sandbox.
Third-party cookie will be blocked in future Chrome versions as part of Privacy Sandbox.
Third-party cookie will be blocked in future Chrome versions as part of Privacy Sandbox.
Third-party cookie will be blocked in future Chrome versions as part of Privacy Sandbox.
Third-party cookie will be blocked in future Chrome versions as part of Privacy Sandbox.
Third-party cookie will be blocked in future Chrome versions as part of Privacy Sandbox.
Third-party cookie will be blocked in future Chrome versions as part of Privacy Sandbox.
Third-party cookie will be blocked in future Chrome versions as part of Privacy Sandbox.
Third-party cookie will be blocked in future Chrome versions as part of Privacy Sandbox.
Third-party cookie will be blocked in future Chrome versions as part of Privacy Sandbox.
Third-party cookie will be blocked in future Chrome versions as part of Privacy Sandbox.
Third-party cookie will be blocked in future Chrome versions as part of Privacy Sandbox.
Third-party cookie will be blocked in future Chrome versions as part of Privacy Sandbox.
Third-party cookie will be blocked in future Chrome versions as part of Privacy Sandbox.
Third-party cookie will be blocked in future Chrome versions as part of Privacy Sandbox.
Third-party cookie will be blocked in future Chrome versions as part of Privacy Sandbox.
Third-party cookie will be blocked in future Chrome versions as part of Privacy Sandbox.
Third-party cookie will be blocked in future Chrome versions as part of Privacy Sandbox.
Third-party cookie will be blocked in future Chrome versions as part of Privacy Sandbox.
Third-party cookie will be blocked in future Chrome versions as part of Privacy Sandbox.
Third-party cookie will be blocked in future Chrome versions as part of Privacy Sandbox.
Third-party cookie will be blocked in future Chrome versions as part of Privacy Sandbox.
Third-party cookie will be blocked in future Chrome versions as part of Privacy Sandbox.
Third-party cookie will be blocked in future Chrome versions as part of Privacy Sandbox.
Third-party cookie will be blocked in future Chrome versions as part of Privacy Sandbox.
Third-party cookie will be blocked in future Chrome versions as part of Privacy Sandbox.
Third-party cookie will be blocked in future Chrome versions as part of Privacy Sandbox.
Third-party cookie will be blocked in future Chrome versions as part of Privacy Sandbox.
Third-party cookie will be blocked in future Chrome versions as part of Privacy Sandbox.
Third-party cookie will be blocked in future Chrome versions as part of Privacy Sandbox.
Third-party cookie will be blocked in future Chrome versions as part of Privacy Sandbox.
Third-party cookie will be blocked in future Chrome versions as part of Privacy Sandbox.
Third-party cookie will be blocked in future Chrome versions as part of Privacy Sandbox.
Third-party cookie will be blocked in future Chrome versions as part of Privacy Sandbox.
Third-party cookie will be blocked in future Chrome versions as part of Privacy Sandbox.
Third-party cookie will be blocked in future Chrome versions as part of Privacy Sandbox.
Third-party cookie will be blocked in future Chrome versions as part of Privacy Sandbox.
Third-party cookie will be blocked in future Chrome versions as part of Privacy Sandbox.
Third-party cookie will be blocked in future Chrome versions as part of Privacy Sandbox.
Third-party cookie will be blocked in future Chrome versions as part of Privacy Sandbox.
Third-party cookie will be blocked in future Chrome versions as part of Privacy Sandbox.
Third-party cookie will be blocked in future Chrome versions as part of Privacy Sandbox.
Third-party cookie will be blocked in future Chrome versions as part of Privacy Sandbox.
Third-party cookie will be blocked in future Chrome versions as part of Privacy Sandbox.
Third-party cookie will be blocked in future Chrome versions as part of Privacy Sandbox.
Third-party cookie will be blocked in future Chrome versions as part of Privacy Sandbox.
Third-party cookie will be blocked in future Chrome versions as part of Privacy Sandbox.
Third-party cookie will be blocked in future Chrome versions as part of Privacy Sandbox.
Third-party cookie will be blocked in future Chrome versions as part of Privacy Sandbox.
Third-party cookie will be blocked in future Chrome versions as part of Privacy Sandbox.
Third-party cookie will be blocked in future Chrome versions as part of Privacy Sandbox.
Third-party cookie will be blocked in future Chrome versions as part of Privacy Sandbox.
Third-party cookie will be blocked in future Chrome versions as part of Privacy Sandbox.
Third-party cookie will be blocked in future Chrome versions as part of Privacy Sandbox.
Third-party cookie will be blocked in future Chrome versions as part of Privacy Sandbox.
Third-party cookie will be blocked in future Chrome versions as part of Privacy Sandbox.
Third-party cookie will be blocked in future Chrome versions as part of Privacy Sandbox.
Third-party cookie will be blocked in future Chrome versions as part of Privacy Sandbox.
Third-party cookie will be blocked in future Chrome versions as part of Privacy Sandbox.
Third-party cookie will be blocked in future Chrome versions as part of Privacy Sandbox.
Third-party cookie will be blocked in future Chrome versions as part of Privacy Sandbox.
Third-party cookie will be blocked in future Chrome versions as part of Privacy Sandbox.
Third-party cookie will be blocked in future Chrome versions as part of Privacy Sandbox.
Third-party cookie will be blocked in future Chrome versions as part of Privacy Sandbox.
Third-party cookie will be blocked in future Chrome versions as part of Privacy Sandbox.
Third-party cookie will be blocked in future Chrome versions as part of Privacy Sandbox.
Third-party cookie will be blocked in future Chrome versions as part of Privacy Sandbox.
Third-party cookie will be blocked in future Chrome versions as part of Privacy Sandbox.
Third-party cookie will be blocked in future Chrome versions as part of Privacy Sandbox.
Third-party cookie will be blocked in future Chrome versions as part of Privacy Sandbox.
Third-party cookie will be blocked in future Chrome versions as part of Privacy Sandbox.
Third-party cookie will be blocked in future Chrome versions as part of Privacy Sandbox.
Third-party cookie will be blocked in future Chrome versions as part of Privacy Sandbox.
Third-party cookie will be blocked in future Chrome versions as part of Privacy Sandbox.
Third-party cookie will be blocked in future Chrome versions as part of Privacy Sandbox.
Third-party cookie will be blocked in future Chrome versions as part of Privacy Sandbox.
Third-party cookie will be blocked in future Chrome versions as part of Privacy Sandbox.
Third-party cookie will be blocked in future Chrome versions as part of Privacy Sandbox.
Third-party cookie will be blocked in future Chrome versions as part of Privacy Sandbox.
Third-party cookie will be blocked in future Chrome versions as part of Privacy Sandbox.
Third-party cookie will be blocked in future Chrome versions as part of Privacy Sandbox.
Third-party cookie will be blocked in future Chrome versions as part of Privacy Sandbox.
Third-party cookie will be blocked in future Chrome versions as part of Privacy Sandbox.
Third-party cookie will be blocked in future Chrome versions as part of Privacy Sandbox.
Third-party cookie will be blocked in future Chrome versions as part of Privacy Sandbox.
Third-party cookie will be blocked in future Chrome versions as part of Privacy Sandbox.
Third-party cookie will be blocked in future Chrome versions as part of Privacy Sandbox.
Third-party cookie will be blocked in future Chrome versions as part of Privacy Sandbox.
Third-party cookie will be blocked in future Chrome versions as part of Privacy Sandbox.
Third-party cookie will be blocked in future Chrome versions as part of Privacy Sandbox.
Third-party cookie will be blocked in future Chrome versions as part of Privacy Sandbox.
Third-party cookie will be blocked in future Chrome versions as part of Privacy Sandbox.
Third-party cookie will be blocked in future Chrome versions as part of Privacy Sandbox.
Third-party cookie will be blocked in future Chrome versions as part of Privacy Sandbox.
Third-party cookie will be blocked in future Chrome versions as part of Privacy Sandbox.
Third-party cookie will be blocked in future Chrome versions as part of Privacy Sandbox.
Third-party cookie will be blocked in future Chrome versions as part of Privacy Sandbox.
Third-party cookie will be blocked in future Chrome versions as part of Privacy Sandbox.
Third-party cookie will be blocked in future Chrome versions as part of Privacy Sandbox.
Third-party cookie will be blocked in future Chrome versions as part of Privacy Sandbox.
Third-party cookie will be blocked in future Chrome versions as part of Privacy Sandbox.
Third-party cookie will be blocked in future Chrome versions as part of Privacy Sandbox.
Third-party cookie will be blocked in future Chrome versions as part of Privacy Sandbox.
Third-party cookie will be blocked in future Chrome versions as part of Privacy Sandbox.
Third-party cookie will be blocked in future Chrome versions as part of Privacy Sandbox.
Third-party cookie will be blocked in future Chrome versions as part of Privacy Sandbox.
Third-party cookie will be blocked in future Chrome versions as part of Privacy Sandbox.
Third-party cookie will be blocked in future Chrome versions as part of Privacy Sandbox.
Third-party cookie will be blocked in future Chrome versions as part of Privacy Sandbox.
Third-party cookie will be blocked in future Chrome versions as part of Privacy Sandbox.
Third-party cookie will be blocked in future Chrome versions as part of Privacy Sandbox.
Third-party cookie will be blocked in future Chrome versions as part of Privacy Sandbox.
Third-party cookie will be blocked in future Chrome versions as part of Privacy Sandbox.
Third-party cookie will be blocked in future Chrome versions as part of Privacy Sandbox.
Third-party cookie will be blocked in future Chrome versions as part of Privacy Sandbox.
Third-party cookie will be blocked in future Chrome versions as part of Privacy Sandbox.
Third-party cookie will be blocked in future Chrome versions as part of Privacy Sandbox.
Third-party cookie will be blocked in future Chrome versions as part of Privacy Sandbox.
Third-party cookie will be blocked in future Chrome versions as part of Privacy Sandbox.
Third-party cookie will be blocked in future Chrome versions as part of Privacy Sandbox.
Third-party cookie will be blocked in future Chrome versions as part of Privacy Sandbox.
Third-party cookie will be blocked in future Chrome versions as part of Privacy Sandbox.
Third-party cookie will be blocked in future Chrome versions as part of Privacy Sandbox.
Third-party cookie will be blocked in future Chrome versions as part of Privacy Sandbox.
Third-party cookie will be blocked in future Chrome versions as part of Privacy Sandbox.
Third-party cookie will be blocked in future Chrome versions as part of Privacy Sandbox.
Third-party cookie will be blocked in future Chrome versions as part of Privacy Sandbox.
Third-party cookie will be blocked in future Chrome versions as part of Privacy Sandbox.
Third-party cookie will be blocked in future Chrome versions as part of Privacy Sandbox.
Third-party cookie will be blocked in future Chrome versions as part of Privacy Sandbox.
Third-party cookie will be blocked in future Chrome versions as part of Privacy Sandbox.
Third-party cookie will be blocked in future Chrome versions as part of Privacy Sandbox.
Third-party cookie will be blocked in future Chrome versions as part of Privacy Sandbox.
Third-party cookie will be blocked in future Chrome versions as part of Privacy Sandbox.
Third-party cookie will be blocked in future Chrome versions as part of Privacy Sandbox.
Third-party cookie will be blocked in future Chrome versions as part of Privacy Sandbox.
Third-party cookie will be blocked in future Chrome versions as part of Privacy Sandbox.
Third-party cookie will be blocked in future Chrome versions as part of Privacy Sandbox.
Third-party cookie will be blocked in future Chrome versions as part of Privacy Sandbox.
Third-party cookie will be blocked in future Chrome versions as part of Privacy Sandbox.
Third-party cookie will be blocked in future Chrome versions as part of Privacy Sandbox.
Third-party cookie will be blocked in future Chrome versions as part of Privacy Sandbox.
Third-party cookie will be blocked in future Chrome versions as part of Privacy Sandbox.
Third-party cookie will be blocked in future Chrome versions as part of Privacy Sandbox.
Third-party cookie will be blocked in future Chrome versions as part of Privacy Sandbox.
Third-party cookie will be blocked in future Chrome versions as part of Privacy Sandbox.
Third-party cookie will be blocked in future Chrome versions as part of Privacy Sandbox.
Third-party cookie will be blocked in future Chrome versions as part of Privacy Sandbox.
Third-party cookie will be blocked in future Chrome versions as part of Privacy Sandbox.
Third-party cookie will be blocked in future Chrome versions as part of Privacy Sandbox.
Third-party cookie will be blocked in future Chrome versions as part of Privacy Sandbox.
Third-party cookie will be blocked in future Chrome versions as part of Privacy Sandbox.
Third-party cookie will be blocked in future Chrome versions as part of Privacy Sandbox.
Third-party cookie will be blocked in future Chrome versions as part of Privacy Sandbox.
Third-party cookie will be blocked in future Chrome versions as part of Privacy Sandbox.
Third-party cookie will be blocked in future Chrome versions as part of Privacy Sandbox.
Third-party cookie will be blocked in future Chrome versions as part of Privacy Sandbox.
Third-party cookie will be blocked in future Chrome versions as part of Privacy Sandbox.
Third-party cookie will be blocked in future Chrome versions as part of Privacy Sandbox.
Third-party cookie will be blocked in future Chrome versions as part of Privacy Sandbox.
Third-party cookie will be blocked in future Chrome versions as part of Privacy Sandbox.
Third-party cookie will be blocked in future Chrome versions as part of Privacy Sandbox.
Third-party cookie will be blocked in future Chrome versions as part of Privacy Sandbox.
Third-party cookie will be blocked in future Chrome versions as part of Privacy Sandbox.
Third-party cookie will be blocked in future Chrome versions as part of Privacy Sandbox.
Third-party cookie will be blocked in future Chrome versions as part of Privacy Sandbox.
Third-party cookie will be blocked in future Chrome versions as part of Privacy Sandbox.
Third-party cookie will be blocked in future Chrome versions as part of Privacy Sandbox.
Third-party cookie will be blocked in future Chrome versions as part of Privacy Sandbox.
Third-party cookie will be blocked in future Chrome versions as part of Privacy Sandbox.
Third-party cookie will be blocked in future Chrome versions as part of Privacy Sandbox.
Third-party cookie will be blocked in future Chrome versions as part of Privacy Sandbox.
Third-party cookie will be blocked in future Chrome versions as part of Privacy Sandbox.
Third-party cookie will be blocked in future Chrome versions as part of Privacy Sandbox.
Third-party cookie will be blocked in future Chrome versions as part of Privacy Sandbox.
Third-party cookie will be blocked in future Chrome versions as part of Privacy Sandbox.
Third-party cookie will be blocked in future Chrome versions as part of Privacy Sandbox.
Third-party cookie will be blocked in future Chrome versions as part of Privacy Sandbox.
Third-party cookie will be blocked in future Chrome versions as part of Privacy Sandbox.
Third-party cookie will be blocked in future Chrome versions as part of Privacy Sandbox.
Third-party cookie will be blocked in future Chrome versions as part of Privacy Sandbox.
Third-party cookie will be blocked in future Chrome versions as part of Privacy Sandbox.
Third-party cookie will be blocked in future Chrome versions as part of Privacy Sandbox.
Third-party cookie will be blocked in future Chrome versions as part of Privacy Sandbox.
Third-party cookie will be blocked in future Chrome versions as part of Privacy Sandbox.
Third-party cookie will be blocked in future Chrome versions as part of Privacy Sandbox.
Third-party cookie will be blocked in future Chrome versions as part of Privacy Sandbox.
Third-party cookie will be blocked in future Chrome versions as part of Privacy Sandbox.
Third-party cookie will be blocked in future Chrome versions as part of Privacy Sandbox.
Third-party cookie will be blocked in future Chrome versions as part of Privacy Sandbox.
Third-party cookie will be blocked in future Chrome versions as part of Privacy Sandbox.
Third-party cookie will be blocked in future Chrome versions as part of Privacy Sandbox.
Third-party cookie will be blocked in future Chrome versions as part of Privacy Sandbox.
Third-party cookie will be blocked in future Chrome versions as part of Privacy Sandbox.
Third-party cookie will be blocked in future Chrome versions as part of Privacy Sandbox.
Third-party cookie will be blocked in future Chrome versions as part of Privacy Sandbox.
Third-party cookie will be blocked in future Chrome versions as part of Privacy Sandbox.
Third-party cookie will be blocked in future Chrome versions as part of Privacy Sandbox.
Third-party cookie will be blocked in future Chrome versions as part of Privacy Sandbox.
Third-party cookie will be blocked in future Chrome versions as part of Privacy Sandbox.
Third-party cookie will be blocked in future Chrome versions as part of Privacy Sandbox.
Third-party cookie will be blocked in future Chrome versions as part of Privacy Sandbox.
Third-party cookie will be blocked in future Chrome versions as part of Privacy Sandbox.
Third-party cookie will be blocked in future Chrome versions as part of Privacy Sandbox.
Third-party cookie will be blocked in future Chrome versions as part of Privacy Sandbox.
Third-party cookie will be blocked in future Chrome versions as part of Privacy Sandbox.
Third-party cookie will be blocked in future Chrome versions as part of Privacy Sandbox.
Third-party cookie will be blocked in future Chrome versions as part of Privacy Sandbox.
Third-party cookie will be blocked in future Chrome versions as part of Privacy Sandbox.
Third-party cookie will be blocked in future Chrome versions as part of Privacy Sandbox.
Third-party cookie will be blocked in future Chrome versions as part of Privacy Sandbox.
Third-party cookie will be blocked in future Chrome versions as part of Privacy Sandbox.
Third-party cookie will be blocked in future Chrome versions as part of Privacy Sandbox.
Third-party cookie will be blocked in future Chrome versions as part of Privacy Sandbox.
Third-party cookie will be blocked in future Chrome versions as part of Privacy Sandbox.
Third-party cookie will be blocked in future Chrome versions as part of Privacy Sandbox.
Third-party cookie will be blocked in future Chrome versions as part of Privacy Sandbox.
Third-party cookie will be blocked in future Chrome versions as part of Privacy Sandbox.
Third-party cookie will be blocked in future Chrome versions as part of Privacy Sandbox.
Third-party cookie will be blocked in future Chrome versions as part of Privacy Sandbox.
Third-party cookie will be blocked in future Chrome versions as part of Privacy Sandbox.
Third-party cookie will be blocked in future Chrome versions as part of Privacy Sandbox.
Third-party cookie will be blocked in future Chrome versions as part of Privacy Sandbox.
Third-party cookie will be blocked in future Chrome versions as part of Privacy Sandbox.
Third-party cookie will be blocked in future Chrome versions as part of Privacy Sandbox.
Third-party cookie will be blocked in future Chrome versions as part of Privacy Sandbox.
Third-party cookie will be blocked in future Chrome versions as part of Privacy Sandbox.
Third-party cookie will be blocked in future Chrome versions as part of Privacy Sandbox.
Third-party cookie will be blocked in future Chrome versions as part of Privacy Sandbox.
Third-party cookie will be blocked in future Chrome versions as part of Privacy Sandbox.
Third-party cookie will be blocked in future Chrome versions as part of Privacy Sandbox.
Third-party cookie will be blocked in future Chrome versions as part of Privacy Sandbox.
Third-party cookie will be blocked in future Chrome versions as part of Privacy Sandbox.
Third-party cookie will be blocked in future Chrome versions as part of Privacy Sandbox.
Third-party cookie will be blocked in future Chrome versions as part of Privacy Sandbox.
Third-party cookie will be blocked in future Chrome versions as part of Privacy Sandbox.
Third-party cookie will be blocked in future Chrome versions as part of Privacy Sandbox.
Third-party cookie will be blocked in future Chrome versions as part of Privacy Sandbox.
Third-party cookie will be blocked in future Chrome versions as part of Privacy Sandbox.
Third-party cookie will be blocked in future Chrome versions as part of Privacy Sandbox.
Third-party cookie will be blocked in future Chrome versions as part of Privacy Sandbox.
Third-party cookie will be blocked in future Chrome versions as part of Privacy Sandbox.
Third-party cookie will be blocked in future Chrome versions as part of Privacy Sandbox.
Third-party cookie will be blocked in future Chrome versions as part of Privacy Sandbox.
Third-party cookie will be blocked in future Chrome versions as part of Privacy Sandbox.
Third-party cookie will be blocked in future Chrome versions as part of Privacy Sandbox.
Third-party cookie will be blocked in future Chrome versions as part of Privacy Sandbox.
Third-party cookie will be blocked in future Chrome versions as part of Privacy Sandbox.
Third-party cookie will be blocked in future Chrome versions as part of Privacy Sandbox.
Third-party cookie will be blocked in future Chrome versions as part of Privacy Sandbox.
Third-party cookie will be blocked in future Chrome versions as part of Privacy Sandbox.
Third-party cookie will be blocked in future Chrome versions as part of Privacy Sandbox.
Third-party cookie will be blocked in future Chrome versions as part of Privacy Sandbox.
Third-party cookie will be blocked in future Chrome versions as part of Privacy Sandbox.
Third-party cookie will be blocked in future Chrome versions as part of Privacy Sandbox.
Third-party cookie will be blocked in future Chrome versions as part of Privacy Sandbox.
Third-party cookie will be blocked in future Chrome versions as part of Privacy Sandbox.
Third-party cookie will be blocked in future Chrome versions as part of Privacy Sandbox.
Third-party cookie will be blocked in future Chrome versions as part of Privacy Sandbox.
Third-party cookie will be blocked in future Chrome versions as part of Privacy Sandbox.
Third-party cookie will be blocked in future Chrome versions as part of Privacy Sandbox.
Third-party cookie will be blocked in future Chrome versions as part of Privacy Sandbox.
Third-party cookie will be blocked in future Chrome versions as part of Privacy Sandbox.
Third-party cookie will be blocked in future Chrome versions as part of Privacy Sandbox.
Third-party cookie will be blocked in future Chrome versions as part of Privacy Sandbox.
Third-party cookie will be blocked in future Chrome versions as part of Privacy Sandbox.
Third-party cookie will be blocked in future Chrome versions as part of Privacy Sandbox.
Third-party cookie will be blocked in future Chrome versions as part of Privacy Sandbox.
Third-party cookie will be blocked in future Chrome versions as part of Privacy Sandbox.
Third-party cookie will be blocked in future Chrome versions as part of Privacy Sandbox.
Third-party cookie will be blocked in future Chrome versions as part of Privacy Sandbox.
Third-party cookie will be blocked in future Chrome versions as part of Privacy Sandbox.
Third-party cookie will be blocked in future Chrome versions as part of Privacy Sandbox.
Third-party cookie will be blocked in future Chrome versions as part of Privacy Sandbox.
Third-party cookie will be blocked in future Chrome versions as part of Privacy Sandbox.
Third-party cookie will be blocked in future Chrome versions as part of Privacy Sandbox.
Third-party cookie will be blocked in future Chrome versions as part of Privacy Sandbox.
Third-party cookie will be blocked in future Chrome versions as part of Privacy Sandbox.
Third-party cookie will be blocked in future Chrome versions as part of Privacy Sandbox.
Third-party cookie will be blocked in future Chrome versions as part of Privacy Sandbox.
Third-party cookie will be blocked in future Chrome versions as part of Privacy Sandbox.
Third-party cookie will be blocked in future Chrome versions as part of Privacy Sandbox.
Third-party cookie will be blocked in future Chrome versions as part of Privacy Sandbox.
Third-party cookie will be blocked in future Chrome versions as part of Privacy Sandbox.
Third-party cookie will be blocked in future Chrome versions as part of Privacy Sandbox.
Third-party cookie will be blocked in future Chrome versions as part of Privacy Sandbox.
Third-party cookie will be blocked in future Chrome versions as part of Privacy Sandbox.
Third-party cookie will be blocked in future Chrome versions as part of Privacy Sandbox.
Third-party cookie will be blocked in future Chrome versions as part of Privacy Sandbox.
Third-party cookie will be blocked in future Chrome versions as part of Privacy Sandbox.
Third-party cookie will be blocked in future Chrome versions as part of Privacy Sandbox.
Third-party cookie will be blocked in future Chrome versions as part of Privacy Sandbox.
Third-party cookie will be blocked in future Chrome versions as part of Privacy Sandbox.
Third-party cookie will be blocked in future Chrome versions as part of Privacy Sandbox.
Third-party cookie will be blocked in future Chrome versions as part of Privacy Sandbox.
Third-party cookie will be blocked in future Chrome versions as part of Privacy Sandbox.
Third-party cookie will be blocked in future Chrome versions as part of Privacy Sandbox.
Third-party cookie will be blocked in future Chrome versions as part of Privacy Sandbox.
Third-party cookie will be blocked in future Chrome versions as part of Privacy Sandbox.
Third-party cookie will be blocked in future Chrome versions as part of Privacy Sandbox.
Third-party cookie will be blocked in future Chrome versions as part of Privacy Sandbox.
Third-party cookie will be blocked in future Chrome versions as part of Privacy Sandbox.
Third-party cookie will be blocked in future Chrome versions as part of Privacy Sandbox.
Third-party cookie will be blocked in future Chrome versions as part of Privacy Sandbox.
Third-party cookie will be blocked in future Chrome versions as part of Privacy Sandbox.
Third-party cookie will be blocked in future Chrome versions as part of Privacy Sandbox.
Third-party cookie will be blocked in future Chrome versions as part of Privacy Sandbox.
Third-party cookie will be blocked in future Chrome versions as part of Privacy Sandbox.
Third-party cookie will be blocked in future Chrome versions as part of Privacy Sandbox.
Third-party cookie will be blocked in future Chrome versions as part of Privacy Sandbox.
Third-party cookie will be blocked in future Chrome versions as part of Privacy Sandbox.
Third-party cookie will be blocked in future Chrome versions as part of Privacy Sandbox.
Third-party cookie will be blocked in future Chrome versions as part of Privacy Sandbox.
Third-party cookie will be blocked in future Chrome versions as part of Privacy Sandbox.
Third-party cookie will be blocked in future Chrome versions as part of Privacy Sandbox.
Third-party cookie will be blocked in future Chrome versions as part of Privacy Sandbox.
Third-party cookie will be blocked in future Chrome versions as part of Privacy Sandbox.
Third-party cookie will be blocked in future Chrome versions as part of Privacy Sandbox.
Third-party cookie will be blocked in future Chrome versions as part of Privacy Sandbox.
Third-party cookie will be blocked in future Chrome versions as part of Privacy Sandbox.
Third-party cookie will be blocked in future Chrome versions as part of Privacy Sandbox.
Third-party cookie will be blocked in future Chrome versions as part of Privacy Sandbox.
Third-party cookie will be blocked in future Chrome versions as part of Privacy Sandbox.
Third-party cookie will be blocked in future Chrome versions as part of Privacy Sandbox.
Third-party cookie will be blocked in future Chrome versions as part of Privacy Sandbox.
Third-party cookie will be blocked in future Chrome versions as part of Privacy Sandbox.
Third-party cookie will be blocked in future Chrome versions as part of Privacy Sandbox.
Third-party cookie will be blocked in future Chrome versions as part of Privacy Sandbox.
Third-party cookie will be blocked in future Chrome versions as part of Privacy Sandbox.
Third-party cookie will be blocked in future Chrome versions as part of Privacy Sandbox.
Third-party cookie will be blocked in future Chrome versions as part of Privacy Sandbox.
Third-party cookie will be blocked in future Chrome versions as part of Privacy Sandbox.
Third-party cookie will be blocked in future Chrome versions as part of Privacy Sandbox.
Third-party cookie will be blocked in future Chrome versions as part of Privacy Sandbox.
Third-party cookie will be blocked in future Chrome versions as part of Privacy Sandbox.
Third-party cookie will be blocked in future Chrome versions as part of Privacy Sandbox.
Third-party cookie will be blocked in future Chrome versions as part of Privacy Sandbox.
Third-party cookie will be blocked in future Chrome versions as part of Privacy Sandbox.
Third-party cookie will be blocked in future Chrome versions as part of Privacy Sandbox.
Third-party cookie will be blocked in future Chrome versions as part of Privacy Sandbox.
Third-party cookie will be blocked in future Chrome versions as part of Privacy Sandbox.
Third-party cookie will be blocked in future Chrome versions as part of Privacy Sandbox.
Third-party cookie will be blocked in future Chrome versions as part of Privacy Sandbox.
Third-party cookie will be blocked in future Chrome versions as part of Privacy Sandbox.
Third-party cookie will be blocked in future Chrome versions as part of Privacy Sandbox.
Third-party cookie will be blocked in future Chrome versions as part of Privacy Sandbox.
a=0.29999999999999999999999999999999999999999999999
0.3
a=0.9999999999999999999999999999999999999
1
a=10
10
b=23
23
sum=a+b
33
sum
33
 diff=a-b
-13
mul=a*b
230
div=a/b
0.43478260869565216
mod=a%b
10
a=23
23
b=10
10
a%b
3
9%2
1
%
VM919:1 Uncaught SyntaxError: Unexpected token '%'
2**5 
32
0/0
NaN
typeof NaN
'number'
(5+2)/7+1*2
3
(2+1)*3
9
3/1+2**2
7
1*6/2
3
let a =5;

undefined
let b;
undefined
b
undefined
let age=19;
undefined
age=age+1;
20
age=age-1
19
length
1
let side=4;
undefined
area=side**2
16
area
16
let num=1;
undefined
let num=2;
undefined
let=num1+num2
VM1544:1 Uncaught ReferenceError: num1 is not defined
    at <anonymous>:1:1
(anonymous) @ VM1544:1
sum=num1+num2
VM1581:1 Uncaught ReferenceError: num1 is not defined
    at <anonymous>:1:1
(anonymous) @ VM1581:1
let fianla=num1+num2
VM1654:1 Uncaught ReferenceError: num1 is not defined
    at <anonymous>:1:12
(anonymous) @ VM1654:1
let finlasum=num1+num2;
VM1733:1 Uncaught ReferenceError: num1 is not defined
    at <anonymous>:1:14
(anonymous) @ VM1733:1
let num1=1;
undefined
let num2=2;
undefined
let finlaSum=num1+num2;
undefined
finalSum
VM1906:1 Uncaught ReferenceError: finalSum is not defined
    at <anonymous>:1:1
(anonymous) @ VM1906:1
finlaSum
3
let num1=1;
undefined
let num2=2;
undefined
finalsum=num1+num2;
3
finalsum
3
const pi=3.14;
undefined
let rad=5;
undefined
let area=pi*r**2
VM2199:1 Uncaught ReferenceError: r is not defined
    at <anonymous>:1:13
(anonymous) @ VM2199:1
let area=pi*rad**2;
undefined
area
78.5
let age=23;
undefined
age
23
age+2;
25
let hindi=80
undefined
let eng=90;
undefined
let math=100;
undefined
let=(hindi+eng+math)/3;
90
year=+;
VM2592:1 Uncaught SyntaxError: Unexpected token ';'
let year=2000;
undefined
year+=1;
2001
year+=1;
2002
let year=2000;
undefined
year+=1;
2001
year+=1;
2002
year+=1;
2003
year+=1;
2004
year+=1;
2005
year+=1;
2006
year+=1;
2007
year+=1;
2008
year+=1;
2009
let year=2000;
undefined
let year=2000;
undefined
let year=2000;
undefined
year--;
2000
year--;
1999
year++;
1998
year++;
1999
year++;
2000
 let num=5;
undefined
let newnum=num++;
undefined
newnum
5
num
6
newnum=++num;
7
num;
7
let num=4;
undefined
let x=3;
undefined
let newx=x++;
undefined
newx;
3
x;
4
newx;
3
newx=++x;
5
newx;
5
let age;
undefined
let-age
NaN
let $age;
undefined
let 1age;
VM3386:1 Uncaught SyntaxError: Invalid or unexpected token
let _age;
undefined
let const=4;
VM3443:1 Uncaught SyntaxError: Unexpected token 'const'
const=3;
VM3464:1 Uncaught SyntaxError: Unexpected token '='
const a=2;
VM3491:1 Uncaught SyntaxError: Identifier 'a' has already been declared
const number=12;
undefined
let Const=23;
undefined
lwt const=34;
VM3726:1 Uncaught SyntaxError: Unexpected token 'const'
let firstName;
undefined
let firstname;
undefined
isAdult=true;
true
typeof isAdult;
'boolean'
isAdult="true";
'true'
typeof isAdult;
'string'
isAdult;
'true'
let char='jagu"jagdish"';
undefined
char;
'jagu"jagdish"'
let char="jagu"jagdish"";
VM4392:1 Uncaught SyntaxError: Unexpected identifier 'jagdish'
let name="JAGDISH";
undefined
name[1]
'A'
name[5]
'S'
name[6,5,4,3]
'D'
name[23]
undefined
name.lenghth;
undefined
"p"+""+"jagdidh"; 
'pjagdidh'
let firstName="p"
undefined
let lastName="jagdish";
undefined
let fullName=firstName+lastName;
undefined
fullName
'pjagdish'
fullName=firstName+""+lastName;
'pjagdish'
fullName=firstName+" "+lastName;
'p jagdish'
let firstName="p"
undefined
let middleName="jagdish"
undefined
let lastName="barik"
undefined
fullName=firstname+middleName+lastName;
'undefinedjagdishbarik'
let firstName="jagdish"
undefined
name[0]
'J'
